2021-04-01 01:12:51 - root - INFO - test
2021-04-01 01:12:51 - werkzeug - INFO -  * Restarting with stat
2021-04-01 01:12:52 - root - INFO - test
2021-04-01 01:12:52 - werkzeug - WARNING -  * Debugger is active!
2021-04-01 01:12:52 - werkzeug - INFO -  * Debugger PIN: 318-779-668
2021-04-01 01:12:52 - werkzeug - INFO -  * Running on http://127.0.0.1:8888/ (Press CTRL+C to quit)
2021-04-01 01:15:22 - werkzeug - INFO -  * Detected change in 'E:\\KYJstream\\BackEnd\\framework_init.py', reloading
2021-04-01 01:15:22 - werkzeug - INFO -  * Restarting with stat
2021-04-01 01:15:22 - root - INFO - test
2021-04-01 01:15:22 - werkzeug - WARNING -  * Debugger is active!
2021-04-01 01:15:22 - werkzeug - INFO -  * Debugger PIN: 318-779-668
2021-04-01 01:15:22 - werkzeug - INFO -  * Running on http://127.0.0.1:8888/ (Press CTRL+C to quit)
2021-04-01 01:15:36 - werkzeug - INFO - 127.0.0.1 - - [01/Apr/2021 01:15:36] "[33mGET / HTTP/1.1[0m" 404 -
2021-04-01 01:15:41 - werkzeug - INFO - 127.0.0.1 - - [01/Apr/2021 01:15:41] "[37mGET /kyj_stream/ HTTP/1.1[0m" 200 -
2021-04-01 14:57:43 - root - INFO - test
2021-04-01 14:57:44 - werkzeug - INFO -  * Restarting with stat
2021-04-01 14:57:44 - root - INFO - test
2021-04-01 14:57:44 - werkzeug - WARNING -  * Debugger is active!
2021-04-01 14:57:44 - werkzeug - INFO -  * Debugger PIN: 318-779-668
2021-04-01 14:57:44 - werkzeug - INFO -  * Running on http://127.0.0.1:8888/ (Press CTRL+C to quit)
2021-04-01 14:57:54 - werkzeug - INFO -  * Detected change in 'C:\\Users\\l8iun\\AppData\\Local\\Programs\\Python\\Python39\\lib\\site-packages\\lib\\config.py', reloading
2021-04-01 14:57:54 - werkzeug - INFO -  * Restarting with stat
2021-04-01 14:57:54 - root - INFO - test
2021-04-01 14:57:54 - werkzeug - WARNING -  * Debugger is active!
2021-04-01 14:57:54 - werkzeug - INFO -  * Debugger PIN: 318-779-668
2021-04-01 14:57:54 - werkzeug - INFO -  * Running on http://127.0.0.1:8888/ (Press CTRL+C to quit)
2021-04-01 14:58:15 - werkzeug - INFO -  * Detected change in 'C:\\Users\\l8iun\\AppData\\Local\\Programs\\Python\\Python39\\lib\\site-packages\\lib\\config.py', reloading
2021-04-01 14:58:15 - werkzeug - INFO -  * Restarting with stat
2021-04-01 14:58:16 - root - INFO - test
2021-04-01 14:58:16 - werkzeug - WARNING -  * Debugger is active!
2021-04-01 14:58:16 - werkzeug - INFO -  * Debugger PIN: 318-779-668
2021-04-01 14:58:16 - werkzeug - INFO -  * Running on http://127.0.0.1:8888/ (Press CTRL+C to quit)
2021-04-01 17:43:12 - werkzeug - INFO -  * Detected change in 'E:\\KYJstream\\BackEnd\\main.py', reloading
2021-04-01 17:43:12 - werkzeug - INFO -  * Restarting with stat
2021-04-01 17:43:12 - root - INFO - test
2021-04-01 17:43:12 - werkzeug - WARNING -  * Debugger is active!
2021-04-01 17:43:12 - werkzeug - INFO -  * Debugger PIN: 318-779-668
2021-04-01 17:43:12 - werkzeug - INFO -  * Running on http://127.0.0.1:8888/ (Press CTRL+C to quit)
2021-04-01 17:43:18 - werkzeug - INFO -  * Detected change in 'C:\\Users\\l8iun\\AppData\\Local\\Programs\\Python\\Python39\\lib\\site-packages\\lib\\db_manager.py', reloading
2021-04-01 17:43:18 - werkzeug - INFO -  * Restarting with stat
2021-04-01 17:43:18 - root - INFO - test
2021-04-01 17:43:18 - werkzeug - WARNING -  * Debugger is active!
2021-04-01 17:43:18 - werkzeug - INFO -  * Debugger PIN: 318-779-668
2021-04-01 17:43:18 - werkzeug - INFO -  * Running on http://127.0.0.1:8888/ (Press CTRL+C to quit)
2021-04-01 17:44:16 - werkzeug - INFO -  * Detected change in 'E:\\KYJstream\\BackEnd\\main.py', reloading
2021-04-01 17:44:16 - werkzeug - INFO -  * Restarting with stat
2021-04-01 17:44:16 - root - INFO - test
2021-04-01 17:44:16 - werkzeug - WARNING -  * Debugger is active!
2021-04-01 17:44:16 - werkzeug - INFO -  * Debugger PIN: 318-779-668
2021-04-01 17:44:16 - werkzeug - INFO -  * Running on http://127.0.0.1:8888/ (Press CTRL+C to quit)
2021-04-01 17:45:44 - werkzeug - INFO -  * Detected change in 'E:\\KYJstream\\BackEnd\\main.py', reloading
2021-04-01 17:45:44 - werkzeug - INFO -  * Restarting with stat
2021-04-01 17:45:44 - root - INFO - test
2021-04-01 17:45:45 - werkzeug - WARNING -  * Debugger is active!
2021-04-01 17:45:45 - werkzeug - INFO -  * Debugger PIN: 318-779-668
2021-04-01 17:45:45 - werkzeug - INFO -  * Running on http://127.0.0.1:8888/ (Press CTRL+C to quit)
2021-04-01 17:46:24 - werkzeug - INFO -  * Detected change in 'E:\\KYJstream\\BackEnd\\main.py', reloading
2021-04-01 17:46:24 - werkzeug - INFO -  * Restarting with stat
2021-04-01 17:46:25 - root - INFO - test
2021-04-01 17:46:25 - werkzeug - WARNING -  * Debugger is active!
2021-04-01 17:46:25 - werkzeug - INFO -  * Debugger PIN: 318-779-668
2021-04-01 17:46:25 - werkzeug - INFO -  * Running on http://127.0.0.1:8888/ (Press CTRL+C to quit)
2021-04-01 17:49:44 - werkzeug - INFO -  * Detected change in 'E:\\KYJstream\\BackEnd\\main.py', reloading
2021-04-01 17:49:45 - werkzeug - INFO -  * Restarting with stat
2021-04-01 17:49:45 - root - INFO - test
2021-04-01 17:49:45 - werkzeug - WARNING -  * Debugger is active!
2021-04-01 17:49:45 - werkzeug - INFO -  * Debugger PIN: 318-779-668
2021-04-01 17:49:45 - werkzeug - INFO -  * Running on http://127.0.0.1:8888/ (Press CTRL+C to quit)
2021-04-01 17:51:36 - werkzeug - INFO -  * Detected change in 'E:\\KYJstream\\BackEnd\\main.py', reloading
2021-04-01 17:51:36 - werkzeug - INFO -  * Restarting with stat
2021-04-01 17:51:36 - root - INFO - test
2021-04-01 17:51:36 - werkzeug - WARNING -  * Debugger is active!
2021-04-01 17:51:36 - werkzeug - INFO -  * Debugger PIN: 318-779-668
2021-04-01 17:51:36 - werkzeug - INFO -  * Running on http://127.0.0.1:8888/ (Press CTRL+C to quit)
2021-04-01 17:51:46 - root - INFO - test
2021-04-01 17:51:46 - werkzeug - INFO -  * Restarting with stat
2021-04-01 17:51:46 - root - INFO - test
2021-04-01 17:51:46 - werkzeug - WARNING -  * Debugger is active!
2021-04-01 17:51:46 - werkzeug - INFO -  * Debugger PIN: 318-779-668
2021-04-01 17:51:46 - werkzeug - INFO -  * Running on http://127.0.0.1:8888/ (Press CTRL+C to quit)
2021-04-01 17:52:08 - werkzeug - INFO -  * Detected change in 'E:\\KYJstream\\BackEnd\\main.py', reloading
2021-04-01 17:52:08 - werkzeug - INFO -  * Restarting with stat
2021-04-01 17:52:09 - root - INFO - test
2021-04-01 17:52:09 - werkzeug - WARNING -  * Debugger is active!
2021-04-01 17:52:09 - werkzeug - INFO -  * Debugger PIN: 318-779-668
2021-04-01 17:52:09 - werkzeug - INFO -  * Running on http://127.0.0.1:8888/ (Press CTRL+C to quit)
2021-04-01 17:52:20 - werkzeug - INFO -  * Detected change in 'C:\\Users\\l8iun\\AppData\\Local\\Programs\\Python\\Python39\\lib\\site-packages\\lib\\db_manager.py', reloading
2021-04-01 17:52:20 - werkzeug - INFO -  * Restarting with stat
2021-04-01 17:52:21 - root - INFO - test
2021-04-01 17:52:21 - werkzeug - WARNING -  * Debugger is active!
2021-04-01 17:52:21 - werkzeug - INFO -  * Debugger PIN: 318-779-668
2021-04-01 17:52:21 - werkzeug - INFO -  * Running on http://127.0.0.1:8888/ (Press CTRL+C to quit)
2021-04-01 17:52:26 - root - INFO - test
2021-04-01 17:52:26 - werkzeug - INFO -  * Restarting with stat
2021-04-01 17:52:27 - root - INFO - test
2021-04-01 17:52:27 - werkzeug - WARNING -  * Debugger is active!
2021-04-01 17:52:27 - werkzeug - INFO -  * Debugger PIN: 318-779-668
2021-04-01 17:52:27 - werkzeug - INFO -  * Running on http://127.0.0.1:8888/ (Press CTRL+C to quit)
2021-04-01 17:53:10 - werkzeug - INFO -  * Detected change in 'E:\\KYJstream\\BackEnd\\main.py', reloading
2021-04-01 17:53:10 - werkzeug - INFO -  * Restarting with stat
2021-04-01 17:53:10 - root - INFO - test
2021-04-01 17:53:10 - werkzeug - WARNING -  * Debugger is active!
2021-04-01 17:53:10 - werkzeug - INFO -  * Debugger PIN: 318-779-668
2021-04-01 17:53:10 - werkzeug - INFO -  * Running on http://127.0.0.1:8888/ (Press CTRL+C to quit)
2021-04-01 17:53:16 - werkzeug - INFO -  * Detected change in 'E:\\KYJstream\\BackEnd\\main.py', reloading
2021-04-01 17:53:16 - werkzeug - INFO -  * Restarting with stat
2021-04-01 17:53:17 - root - INFO - test
2021-04-01 17:53:17 - werkzeug - WARNING -  * Debugger is active!
2021-04-01 17:53:17 - werkzeug - INFO -  * Debugger PIN: 318-779-668
2021-04-01 17:53:17 - werkzeug - INFO -  * Running on http://127.0.0.1:8888/ (Press CTRL+C to quit)
2021-04-01 17:53:21 - werkzeug - INFO -  * Detected change in 'E:\\KYJstream\\BackEnd\\main.py', reloading
2021-04-01 17:53:21 - werkzeug - INFO -  * Restarting with stat
2021-04-01 17:53:21 - root - INFO - test
2021-04-01 17:53:21 - werkzeug - WARNING -  * Debugger is active!
2021-04-01 17:53:21 - werkzeug - INFO -  * Debugger PIN: 318-779-668
2021-04-01 17:53:21 - werkzeug - INFO -  * Running on http://127.0.0.1:8888/ (Press CTRL+C to quit)
2021-04-01 17:53:36 - werkzeug - INFO -  * Detected change in 'E:\\KYJstream\\BackEnd\\main.py', reloading
2021-04-01 17:53:36 - werkzeug - INFO -  * Restarting with stat
2021-04-01 17:53:36 - root - INFO - test
2021-04-01 17:54:27 - root - INFO - test
2021-04-01 17:54:55 - root - INFO - test
2021-04-01 17:55:31 - root - INFO - test
2021-04-01 17:55:51 - root - INFO - test
2021-04-01 17:57:09 - root - INFO - test
2021-04-01 17:57:09 - werkzeug - INFO -  * Restarting with stat
2021-04-01 17:57:09 - root - INFO - test
2021-04-01 17:57:09 - werkzeug - WARNING -  * Debugger is active!
2021-04-01 17:57:09 - werkzeug - INFO -  * Debugger PIN: 318-779-668
2021-04-01 17:57:09 - werkzeug - INFO -  * Running on http://127.0.0.1:8888/ (Press CTRL+C to quit)
2021-04-01 17:57:22 - werkzeug - INFO -  * Detected change in 'E:\\KYJstream\\BackEnd\\main.py', reloading
2021-04-01 17:57:22 - werkzeug - INFO -  * Restarting with stat
2021-04-01 17:57:22 - root - INFO - test
2021-04-01 17:57:41 - root - INFO - test
2021-04-01 17:59:22 - root - INFO - test
2021-04-01 17:59:22 - werkzeug - INFO -  * Restarting with stat
2021-04-01 17:59:23 - root - INFO - test
2021-04-01 17:59:23 - werkzeug - WARNING -  * Debugger is active!
2021-04-01 17:59:23 - werkzeug - INFO -  * Debugger PIN: 318-779-668
2021-04-01 17:59:23 - werkzeug - INFO -  * Running on http://127.0.0.1:8888/ (Press CTRL+C to quit)
2021-04-01 18:00:33 - root - INFO - test
2021-04-01 18:00:33 - werkzeug - INFO -  * Restarting with stat
2021-04-01 18:00:33 - root - INFO - test
2021-04-01 18:00:33 - werkzeug - WARNING -  * Debugger is active!
2021-04-01 18:00:33 - werkzeug - INFO -  * Debugger PIN: 318-779-668
2021-04-01 18:00:33 - werkzeug - INFO -  * Running on http://127.0.0.1:8888/ (Press CTRL+C to quit)
2021-04-01 18:00:41 - werkzeug - INFO -  * Detected change in 'E:\\KYJstream\\BackEnd\\main.py', reloading
2021-04-01 18:00:41 - werkzeug - INFO -  * Restarting with stat
2021-04-01 18:00:41 - root - INFO - test
2021-04-01 18:00:51 - root - INFO - test
2021-04-01 18:00:51 - werkzeug - INFO -  * Restarting with stat
2021-04-01 18:00:52 - root - INFO - test
2021-04-01 18:00:52 - werkzeug - WARNING -  * Debugger is active!
2021-04-01 18:00:52 - werkzeug - INFO -  * Debugger PIN: 318-779-668
2021-04-01 18:00:52 - werkzeug - INFO -  * Running on http://127.0.0.1:8888/ (Press CTRL+C to quit)
2021-04-01 18:01:20 - root - INFO - test
2021-04-01 18:01:20 - werkzeug - INFO -  * Restarting with stat
2021-04-01 18:01:20 - root - INFO - test
2021-04-01 18:01:20 - werkzeug - WARNING -  * Debugger is active!
2021-04-01 18:01:20 - werkzeug - INFO -  * Debugger PIN: 318-779-668
2021-04-01 18:01:20 - werkzeug - INFO -  * Running on http://127.0.0.1:8888/ (Press CTRL+C to quit)
2021-04-01 18:01:28 - werkzeug - INFO -  * Detected change in 'E:\\KYJstream\\BackEnd\\main.py', reloading
2021-04-01 18:01:29 - werkzeug - INFO -  * Restarting with stat
2021-04-01 18:01:29 - root - INFO - test
2021-04-01 18:01:29 - werkzeug - WARNING -  * Debugger is active!
2021-04-01 18:01:29 - werkzeug - INFO -  * Debugger PIN: 318-779-668
2021-04-01 18:01:29 - werkzeug - INFO -  * Running on http://127.0.0.1:8888/ (Press CTRL+C to quit)
2021-04-01 18:18:28 - werkzeug - INFO -  * Detected change in 'E:\\KYJstream\\BackEnd\\main.py', reloading
2021-04-01 18:18:28 - werkzeug - INFO -  * Restarting with stat
2021-04-01 18:18:28 - root - INFO - test
2021-04-01 18:19:26 - root - INFO - test
2021-04-01 18:20:25 - root - INFO - test
2021-04-01 18:20:25 - root - INFO - 'RootTransaction' object has no attribute 'execute'
2021-04-01 18:21:42 - root - INFO - test
2021-04-01 18:22:18 - root - INFO - test
2021-04-01 18:22:18 - root - INFO - name 'connection' is not defined
2021-04-01 18:23:11 - root - INFO - test
2021-04-01 18:23:11 - root - INFO - name 'connection' is not defined
2021-04-01 18:24:43 - root - INFO - test
2021-04-01 18:24:43 - root - INFO - 'DataBase' object has no attribute 'transaction'
2021-04-01 18:25:17 - root - INFO - test
2021-04-01 18:25:17 - root - INFO - name 'connection' is not defined
2021-04-01 18:26:04 - root - INFO - test
2021-04-01 18:26:04 - root - INFO - name 'connection' is not defined
2021-04-01 18:26:23 - root - INFO - test
2021-04-01 18:26:23 - root - INFO - 'RootTransaction' object has no attribute 'execute'
2021-04-01 18:36:03 - root - INFO - test
2021-04-01 18:36:03 - root - INFO - name 'connection' is not defined
2021-04-01 18:38:11 - root - INFO - test
2021-04-01 18:38:39 - root - INFO - test
2021-04-01 18:38:39 - werkzeug - INFO -  * Restarting with stat
2021-04-01 18:38:39 - root - INFO - test
2021-04-01 18:38:39 - werkzeug - WARNING -  * Debugger is active!
2021-04-01 18:38:39 - werkzeug - INFO -  * Debugger PIN: 318-779-668
2021-04-01 18:38:39 - werkzeug - INFO -  * Running on http://127.0.0.1:8888/ (Press CTRL+C to quit)
2021-04-01 18:48:10 - root - INFO - test
2021-04-01 18:48:33 - root - INFO - test
2021-04-01 18:49:21 - root - INFO - test
2021-04-01 18:49:21 - werkzeug - INFO -  * Restarting with stat
2021-04-01 18:49:21 - root - INFO - test
2021-04-01 18:49:21 - werkzeug - WARNING -  * Debugger is active!
2021-04-01 18:49:21 - werkzeug - INFO -  * Debugger PIN: 318-779-668
2021-04-01 18:49:21 - werkzeug - INFO -  * Running on http://127.0.0.1:8888/ (Press CTRL+C to quit)
2021-04-01 18:49:52 - werkzeug - INFO -  * Detected change in 'E:\\KYJstream\\BackEnd\\main.py', reloading
2021-04-01 18:49:52 - werkzeug - INFO -  * Restarting with stat
2021-04-01 18:49:52 - root - INFO - test
2021-04-01 18:49:52 - werkzeug - WARNING -  * Debugger is active!
2021-04-01 18:49:52 - werkzeug - INFO -  * Debugger PIN: 318-779-668
2021-04-01 18:49:52 - werkzeug - INFO -  * Running on http://127.0.0.1:8888/ (Press CTRL+C to quit)
